{"timestamp":"2024-11-14T08:00:03Z","level":"INFO","service":"api-gateway","instance":"gw-1","env":"prod","message":"Service démarré","version":"2.4.1"}
{"timestamp":"2024-11-14T08:00:05Z","level":"INFO","service":"auth-service","instance":"auth-1","env":"prod","message":"Connexion base de données établie","db":"postgres-auth","latency_ms":42}
{"timestamp":"2024-11-14T08:00:07Z","level":"INFO","service":"payment-service","instance":"pay-1","env":"prod","message":"Connexion au provider de paiement établie","provider":"StripeAPI","latency_ms":120}
{"timestamp":"2024-11-14T08:01:12Z","level":"INFO","service":"api-gateway","instance":"gw-1","env":"prod","message":"Requête reçue","method":"GET","endpoint":"/api/products","user_id":"user_001","trace_id":"trace_a1b2c3","latency_ms":45}
{"timestamp":"2024-11-14T08:01:14Z","level":"INFO","service":"api-gateway","instance":"gw-1","env":"prod","message":"Requête reçue","method":"POST","endpoint":"/api/cart","user_id":"user_002","trace_id":"trace_d4e5f6","latency_ms":67}
{"timestamp":"2024-11-14T08:02:30Z","level":"INFO","service":"auth-service","instance":"auth-1","env":"prod","message":"Authentification réussie","user_id":"user_003","method":"password","latency_ms":89}
{"timestamp":"2024-11-14T08:02:45Z","level":"INFO","service":"api-gateway","instance":"gw-1","env":"prod","message":"Requête reçue","method":"GET","endpoint":"/api/products","user_id":"user_003","trace_id":"trace_g7h8i9","latency_ms":52}
{"timestamp":"2024-11-14T08:03:01Z","level":"INFO","service":"payment-service","instance":"pay-1","env":"prod","message":"Paiement initié","user_id":"user_001","order_id":"order_1001","amount":89.99,"currency":"EUR","trace_id":"trace_j1k2l3"}
{"timestamp":"2024-11-14T08:03:03Z","level":"INFO","service":"payment-service","instance":"pay-1","env":"prod","message":"Paiement validé","user_id":"user_001","order_id":"order_1001","amount":89.99,"provider_ref":"stripe_ch_001","latency_ms":340,"trace_id":"trace_j1k2l3"}
{"timestamp":"2024-11-14T08:03:10Z","level":"INFO","service":"api-gateway","instance":"gw-1","env":"prod","message":"Requête reçue","method":"POST","endpoint":"/api/checkout","user_id":"user_004","trace_id":"trace_m4n5o6","latency_ms":71}
{"timestamp":"2024-11-14T08:04:00Z","level":"INFO","service":"auth-service","instance":"auth-1","env":"prod","message":"Authentification réussie","user_id":"user_005","method":"oauth","latency_ms":112}
{"timestamp":"2024-11-14T08:04:22Z","level":"INFO","service":"payment-service","instance":"pay-1","env":"prod","message":"Paiement initié","user_id":"user_002","order_id":"order_1002","amount":249.00,"currency":"EUR","trace_id":"trace_p7q8r9"}
{"timestamp":"2024-11-14T08:04:25Z","level":"INFO","service":"payment-service","instance":"pay-1","env":"prod","message":"Paiement validé","user_id":"user_002","order_id":"order_1002","amount":249.00,"provider_ref":"stripe_ch_002","latency_ms":285,"trace_id":"trace_p7q8r9"}
{"timestamp":"2024-11-14T08:05:00Z","level":"INFO","service":"api-gateway","instance":"gw-1","env":"prod","message":"Requête reçue","method":"GET","endpoint":"/api/orders","user_id":"user_001","trace_id":"trace_s1t2u3","latency_ms":38}
{"timestamp":"2024-11-14T08:06:00Z","level":"WARN","service":"auth-service","instance":"auth-1","env":"prod","message":"Tentative de connexion échouée","user_id":"user_unknown","ip":"192.168.1.45","attempt":1}
{"timestamp":"2024-11-14T08:06:05Z","level":"WARN","service":"auth-service","instance":"auth-1","env":"prod","message":"Tentative de connexion échouée","user_id":"user_unknown","ip":"192.168.1.45","attempt":2}
{"timestamp":"2024-11-14T08:07:00Z","level":"INFO","service":"payment-service","instance":"pay-1","env":"prod","message":"Paiement initié","user_id":"user_003","order_id":"order_1003","amount":34.50,"currency":"EUR","trace_id":"trace_v4w5x6"}
{"timestamp":"2024-11-14T08:07:02Z","level":"INFO","service":"payment-service","instance":"pay-1","env":"prod","message":"Paiement validé","user_id":"user_003","order_id":"order_1003","amount":34.50,"provider_ref":"stripe_ch_003","latency_ms":310,"trace_id":"trace_v4w5x6"}
{"timestamp":"2024-11-14T08:08:15Z","level":"INFO","service":"api-gateway","instance":"gw-1","env":"prod","message":"Requête reçue","method":"POST","endpoint":"/api/checkout","user_id":"user_006","trace_id":"trace_y7z8a9","latency_ms":63}
{"timestamp":"2024-11-14T08:09:00Z","level":"INFO","service":"payment-service","instance":"pay-1","env":"prod","message":"Paiement initié","user_id":"user_004","order_id":"order_1004","amount":175.00,"currency":"EUR","trace_id":"trace_b1c2d3"}
{"timestamp":"2024-11-14T08:09:02Z","level":"INFO","service":"payment-service","instance":"pay-1","env":"prod","message":"Paiement validé","user_id":"user_004","order_id":"order_1004","amount":175.00,"provider_ref":"stripe_ch_004","latency_ms":298,"trace_id":"trace_b1c2d3"}
{"timestamp":"2024-11-14T08:10:00Z","level":"INFO","service":"api-gateway","instance":"gw-1","env":"prod","message":"Requête reçue","method":"GET","endpoint":"/api/products","user_id":"user_007","trace_id":"trace_e4f5g6","latency_ms":41}
{"timestamp":"2024-11-14T08:11:00Z","level":"INFO","service":"auth-service","instance":"auth-1","env":"prod","message":"Authentification réussie","user_id":"user_008","method":"password","latency_ms":95}
{"timestamp":"2024-11-14T08:12:00Z","level":"INFO","service":"payment-service","instance":"pay-1","env":"prod","message":"Paiement initié","user_id":"user_005","order_id":"order_1005","amount":512.00,"currency":"EUR","trace_id":"trace_h7i8j9"}
{"timestamp":"2024-11-14T08:12:03Z","level":"INFO","service":"payment-service","instance":"pay-1","env":"prod","message":"Paiement validé","user_id":"user_005","order_id":"order_1005","amount":512.00,"provider_ref":"stripe_ch_005","latency_ms":322,"trace_id":"trace_h7i8j9"}
{"timestamp":"2024-11-14T08:13:00Z","level":"INFO","service":"api-gateway","instance":"gw-1","env":"prod","message":"Requête reçue","method":"POST","endpoint":"/api/cart","user_id":"user_009","trace_id":"trace_k1l2m3","latency_ms":58}
{"timestamp":"2024-11-14T08:14:00Z","level":"INFO","service":"api-gateway","instance":"gw-1","env":"prod","message":"Requête reçue","method":"GET","endpoint":"/api/products","user_id":"user_010","trace_id":"trace_n4o5p6","latency_ms":47}
{"timestamp":"2024-11-14T08:15:00Z","level":"INFO","service":"payment-service","instance":"pay-1","env":"prod","message":"Paiement initié","user_id":"user_006","order_id":"order_1006","amount":67.00,"currency":"EUR","trace_id":"trace_q7r8s9"}
{"timestamp":"2024-11-14T08:15:02Z","level":"INFO","service":"payment-service","instance":"pay-1","env":"prod","message":"Paiement validé","user_id":"user_006","order_id":"order_1006","amount":67.00,"provider_ref":"stripe_ch_006","latency_ms":278,"trace_id":"trace_q7r8s9"}
{"timestamp":"2024-11-14T08:16:30Z","level":"INFO","service":"api-gateway","instance":"gw-1","env":"prod","message":"Requête reçue","method":"POST","endpoint":"/api/checkout","user_id":"user_011","trace_id":"trace_t1u2v3","latency_ms":69}
{"timestamp":"2024-11-14T08:17:00Z","level":"INFO","service":"auth-service","instance":"auth-1","env":"prod","message":"Authentification réussie","user_id":"user_012","method":"oauth","latency_ms":103}
{"timestamp":"2024-11-14T08:18:00Z","level":"INFO","service":"payment-service","instance":"pay-1","env":"prod","message":"Paiement initié","user_id":"user_007","order_id":"order_1007","amount":99.00,"currency":"EUR","trace_id":"trace_w4x5y6"}
{"timestamp":"2024-11-14T08:18:03Z","level":"INFO","service":"payment-service","instance":"pay-1","env":"prod","message":"Paiement validé","user_id":"user_007","order_id":"order_1007","amount":99.00,"provider_ref":"stripe_ch_007","latency_ms":301,"trace_id":"trace_w4x5y6"}
{"timestamp":"2024-11-14T08:19:00Z","level":"INFO","service":"api-gateway","instance":"gw-1","env":"prod","message":"Requête reçue","method":"GET","endpoint":"/api/products","user_id":"user_013","trace_id":"trace_z7a8b9","latency_ms":43}
{"timestamp":"2024-11-14T08:20:00Z","level":"INFO","service":"api-gateway","instance":"gw-1","env":"prod","message":"Requête reçue","method":"POST","endpoint":"/api/cart","user_id":"user_014","trace_id":"trace_c1d2e3","latency_ms":61}
{"timestamp":"2024-11-14T08:34:00Z","level":"INFO","service":"payment-service","instance":"pay-1","env":"prod","message":"Paiement initié","user_id":"user_008","order_id":"order_1008","amount":143.00,"currency":"EUR","trace_id":"trace_f4g5h6"}
{"timestamp":"2024-11-14T08:34:06Z","level":"ERROR","service":"payment-service","instance":"pay-1","env":"prod","message":"Timeout appel provider de paiement","user_id":"user_008","order_id":"order_1008","amount":143.00,"provider":"StripeAPI","error_code":"PAYMENT_TIMEOUT","latency_ms":5001,"trace_id":"trace_f4g5h6"}
{"timestamp":"2024-11-14T08:34:07Z","level":"ERROR","service":"api-gateway","instance":"gw-1","env":"prod","message":"Erreur 502 retournée au client","user_id":"user_008","endpoint":"/api/checkout","http_status":502,"trace_id":"trace_f4g5h6"}
{"timestamp":"2024-11-14T08:34:30Z","level":"INFO","service":"payment-service","instance":"pay-1","env":"prod","message":"Paiement initié","user_id":"user_009","order_id":"order_1009","amount":210.00,"currency":"EUR","trace_id":"trace_i7j8k9"}
{"timestamp":"2024-11-14T08:34:36Z","level":"ERROR","service":"payment-service","instance":"pay-1","env":"prod","message":"Timeout appel provider de paiement","user_id":"user_009","order_id":"order_1009","amount":210.00,"provider":"StripeAPI","error_code":"PAYMENT_TIMEOUT","latency_ms":5003,"trace_id":"trace_i7j8k9"}
{"timestamp":"2024-11-14T08:34:37Z","level":"ERROR","service":"api-gateway","instance":"gw-1","env":"prod","message":"Erreur 502 retournée au client","user_id":"user_009","endpoint":"/api/checkout","http_status":502,"trace_id":"trace_i7j8k9"}
{"timestamp":"2024-11-14T08:35:00Z","level":"INFO","service":"payment-service","instance":"pay-1","env":"prod","message":"Paiement initié","user_id":"user_010","order_id":"order_1010","amount":55.00,"currency":"EUR","trace_id":"trace_l1m2n3"}
{"timestamp":"2024-11-14T08:35:06Z","level":"ERROR","service":"payment-service","instance":"pay-1","env":"prod","message":"Timeout appel provider de paiement","user_id":"user_010","order_id":"order_1010","amount":55.00,"provider":"StripeAPI","error_code":"PAYMENT_TIMEOUT","latency_ms":5002,"trace_id":"trace_l1m2n3"}
{"timestamp":"2024-11-14T08:35:07Z","level":"ERROR","service":"api-gateway","instance":"gw-1","env":"prod","message":"Erreur 502 retournée au client","user_id":"user_010","endpoint":"/api/checkout","http_status":502,"trace_id":"trace_l1m2n3"}
{"timestamp":"2024-11-14T08:35:30Z","level":"INFO","service":"payment-service","instance":"pay-1","env":"prod","message":"Paiement initié","user_id":"user_011","order_id":"order_1011","amount":320.00,"currency":"EUR","trace_id":"trace_o4p5q6"}
{"timestamp":"2024-11-14T08:35:36Z","level":"ERROR","service":"payment-service","instance":"pay-1","env":"prod","message":"Timeout appel provider de paiement","user_id":"user_011","order_id":"order_1011","amount":320.00,"provider":"StripeAPI","error_code":"PAYMENT_TIMEOUT","latency_ms":5000,"trace_id":"trace_o4p5q6"}
{"timestamp":"2024-11-14T08:35:37Z","level":"ERROR","service":"api-gateway","instance":"gw-1","env":"prod","message":"Erreur 502 retournée au client","user_id":"user_011","endpoint":"/api/checkout","http_status":502,"trace_id":"trace_o4p5q6"}
{"timestamp":"2024-11-14T08:36:00Z","level":"INFO","service":"payment-service","instance":"pay-1","env":"prod","message":"Paiement initié","user_id":"user_012","order_id":"order_1012","amount":89.00,"currency":"EUR","trace_id":"trace_r7s8t9"}
{"timestamp":"2024-11-14T08:36:06Z","level":"ERROR","service":"payment-service","instance":"pay-1","env":"prod","message":"Timeout appel provider de paiement","user_id":"user_012","order_id":"order_1012","amount":89.00,"provider":"StripeAPI","error_code":"PAYMENT_TIMEOUT","latency_ms":5001,"trace_id":"trace_r7s8t9"}
{"timestamp":"2024-11-14T08:36:07Z","level":"ERROR","service":"api-gateway","instance":"gw-1","env":"prod","message":"Erreur 502 retournée au client","user_id":"user_012","endpoint":"/api/checkout","http_status":502,"trace_id":"trace_r7s8t9"}
{"timestamp":"2024-11-14T08:36:30Z","level":"INFO","service":"payment-service","instance":"pay-1","env":"prod","message":"Paiement initié","user_id":"user_013","order_id":"order_1013","amount":410.00,"currency":"EUR","trace_id":"trace_u1v2w3"}
{"timestamp":"2024-11-14T08:36:36Z","level":"ERROR","service":"payment-service","instance":"pay-1","env":"prod","message":"Timeout appel provider de paiement","user_id":"user_013","order_id":"order_1013","amount":410.00,"provider":"StripeAPI","error_code":"PAYMENT_TIMEOUT","latency_ms":5004,"trace_id":"trace_u1v2w3"}
{"timestamp":"2024-11-14T08:36:37Z","level":"ERROR","service":"api-gateway","instance":"gw-1","env":"prod","message":"Erreur 502 retournée au client","user_id":"user_013","endpoint":"/api/checkout","http_status":502,"trace_id":"trace_u1v2w3"}
{"timestamp":"2024-11-14T08:37:00Z","level":"INFO","service":"payment-service","instance":"pay-1","env":"prod","message":"Paiement initié","user_id":"user_014","order_id":"order_1014","amount":62.00,"currency":"EUR","trace_id":"trace_x4y5z6"}
{"timestamp":"2024-11-14T08:37:06Z","level":"ERROR","service":"payment-service","instance":"pay-1","env":"prod","message":"Timeout appel provider de paiement","user_id":"user_014","order_id":"order_1014","amount":62.00,"provider":"StripeAPI","error_code":"PAYMENT_TIMEOUT","latency_ms":5002,"trace_id":"trace_x4y5z6"}
{"timestamp":"2024-11-14T08:37:07Z","level":"ERROR","service":"api-gateway","instance":"gw-1","env":"prod","message":"Erreur 502 retournée au client","user_id":"user_014","endpoint":"/api/checkout","http_status":502,"trace_id":"trace_x4y5z6"}
{"timestamp":"2024-11-14T08:37:30Z","level":"INFO","service":"payment-service","instance":"pay-1","env":"prod","message":"Paiement initié","user_id":"user_015","order_id":"order_1015","amount":780.00,"currency":"EUR","trace_id":"trace_a1b2c9"}
{"timestamp":"2024-11-14T08:37:36Z","level":"ERROR","service":"payment-service","instance":"pay-1","env":"prod","message":"Timeout appel provider de paiement","user_id":"user_015","order_id":"order_1015","amount":780.00,"provider":"StripeAPI","error_code":"PAYMENT_TIMEOUT","latency_ms":5001,"trace_id":"trace_a1b2c9"}
{"timestamp":"2024-11-14T08:37:37Z","level":"ERROR","service":"api-gateway","instance":"gw-1","env":"prod","message":"Erreur 502 retournée au client","user_id":"user_015","endpoint":"/api/checkout","http_status":502,"trace_id":"trace_a1b2c9"}
{"timestamp":"2024-11-14T08:38:00Z","level":"INFO","service":"payment-service","instance":"pay-1","env":"prod","message":"Paiement initié","user_id":"user_016","order_id":"order_1016","amount":199.00,"currency":"EUR","trace_id":"trace_d4e5f3"}
{"timestamp":"2024-11-14T08:38:06Z","level":"ERROR","service":"payment-service","instance":"pay-1","env":"prod","message":"Timeout appel provider de paiement","user_id":"user_016","order_id":"order_1016","amount":199.00,"provider":"StripeAPI","error_code":"PAYMENT_TIMEOUT","latency_ms":5003,"trace_id":"trace_d4e5f3"}
{"timestamp":"2024-11-14T08:38:07Z","level":"ERROR","service":"api-gateway","instance":"gw-1","env":"prod","message":"Erreur 502 retournée au client","user_id":"user_016","endpoint":"/api/checkout","http_status":502,"trace_id":"trace_d4e5f3"}
{"timestamp":"2024-11-14T08:38:30Z","level":"INFO","service":"payment-service","instance":"pay-1","env":"prod","message":"Paiement initié","user_id":"user_017","order_id":"order_1017","amount":445.00,"currency":"EUR","trace_id":"trace_g7h8i3"}
{"timestamp":"2024-11-14T08:38:36Z","level":"ERROR","service":"payment-service","instance":"pay-1","env":"prod","message":"Timeout appel provider de paiement","user_id":"user_017","order_id":"order_1017","amount":445.00,"provider":"StripeAPI","error_code":"PAYMENT_TIMEOUT","latency_ms":5000,"trace_id":"trace_g7h8i3"}
{"timestamp":"2024-11-14T08:38:37Z","level":"ERROR","service":"api-gateway","instance":"gw-1","env":"prod","message":"Erreur 502 retournée au client","user_id":"user_017","endpoint":"/api/checkout","http_status":502,"trace_id":"trace_g7h8i3"}
{"timestamp":"2024-11-14T08:39:00Z","level":"INFO","service":"payment-service","instance":"pay-1","env":"prod","message":"Paiement initié","user_id":"user_018","order_id":"order_1018","amount":33.00,"currency":"EUR","trace_id":"trace_j1k2l9"}
{"timestamp":"2024-11-14T08:39:06Z","level":"ERROR","service":"payment-service","instance":"pay-1","env":"prod","message":"Timeout appel provider de paiement","user_id":"user_018","order_id":"order_1018","amount":33.00,"provider":"StripeAPI","error_code":"PAYMENT_TIMEOUT","latency_ms":5001,"trace_id":"trace_j1k2l9"}
{"timestamp":"2024-11-14T08:39:07Z","level":"ERROR","service":"api-gateway","instance":"gw-1","env":"prod","message":"Erreur 502 retournée au client","user_id":"user_018","endpoint":"/api/checkout","http_status":502,"trace_id":"trace_j1k2l9"}
{"timestamp":"2024-11-14T08:39:30Z","level":"INFO","service":"payment-service","instance":"pay-1","env":"prod","message":"Paiement initié","user_id":"user_019","order_id":"order_1019","amount":890.00,"currency":"EUR","trace_id":"trace_m4n5o3"}
{"timestamp":"2024-11-14T08:39:36Z","level":"ERROR","service":"payment-service","instance":"pay-1","env":"prod","message":"Timeout appel provider de paiement","user_id":"user_019","order_id":"order_1019","amount":890.00,"provider":"StripeAPI","error_code":"PAYMENT_TIMEOUT","latency_ms":5002,"trace_id":"trace_m4n5o3"}
{"timestamp":"2024-11-14T08:39:37Z","level":"ERROR","service":"api-gateway","instance":"gw-1","env":"prod","message":"Erreur 502 retournée au client","user_id":"user_019","endpoint":"/api/checkout","http_status":502,"trace_id":"trace_m4n5o3"}
{"timestamp":"2024-11-14T08:40:00Z","level":"INFO","service":"payment-service","instance":"pay-1","env":"prod","message":"Paiement initié","user_id":"user_020","order_id":"order_1020","amount":120.00,"currency":"EUR","trace_id":"trace_p7q8r3"}
{"timestamp":"2024-11-14T08:40:06Z","level":"ERROR","service":"payment-service","instance":"pay-1","env":"prod","message":"Timeout appel provider de paiement","user_id":"user_020","order_id":"order_1020","amount":120.00,"provider":"StripeAPI","error_code":"PAYMENT_TIMEOUT","latency_ms":5003,"trace_id":"trace_p7q8r3"}
{"timestamp":"2024-11-14T08:40:07Z","level":"ERROR","service":"api-gateway","instance":"gw-1","env":"prod","message":"Erreur 502 retournée au client","user_id":"user_020","endpoint":"/api/checkout","http_status":502,"trace_id":"trace_p7q8r3"}
{"timestamp":"2024-11-14T08:40:30Z","level":"WARN","service":"payment-service","instance":"pay-1","env":"prod","message":"Seuil d'erreurs critique atteint — 10 timeouts consécutifs","provider":"StripeAPI","error_count":10,"window_minutes":7}
{"timestamp":"2024-11-14T08:41:00Z","level":"INFO","service":"payment-service","instance":"pay-1","env":"prod","message":"Paiement initié","user_id":"user_021","order_id":"order_1021","amount":67.00,"currency":"EUR","trace_id":"trace_s1t2u9"}
{"timestamp":"2024-11-14T08:41:06Z","level":"ERROR","service":"payment-service","instance":"pay-1","env":"prod","message":"Timeout appel provider de paiement","user_id":"user_021","order_id":"order_1021","amount":67.00,"provider":"StripeAPI","error_code":"PAYMENT_TIMEOUT","latency_ms":5001,"trace_id":"trace_s1t2u9"}
{"timestamp":"2024-11-14T08:41:07Z","level":"ERROR","service":"api-gateway","instance":"gw-1","env":"prod","message":"Erreur 502 retournée au client","user_id":"user_021","endpoint":"/api/checkout","http_status":502,"trace_id":"trace_s1t2u9"}
{"timestamp":"2024-11-14T08:41:30Z","level":"INFO","service":"payment-service","instance":"pay-1","env":"prod","message":"Paiement initié","user_id":"user_022","order_id":"order_1022","amount":305.00,"currency":"EUR","trace_id":"trace_v4w5x3"}
{"timestamp":"2024-11-14T08:41:36Z","level":"ERROR","service":"payment-service","instance":"pay-1","env":"prod","message":"Timeout appel provider de paiement","user_id":"user_022","order_id":"order_1022","amount":305.00,"provider":"StripeAPI","error_code":"PAYMENT_TIMEOUT","latency_ms":5002,"trace_id":"trace_v4w5x3"}
{"timestamp":"2024-11-14T08:41:37Z","level":"ERROR","service":"api-gateway","instance":"gw-1","env":"prod","message":"Erreur 502 retournée au client","user_id":"user_022","endpoint":"/api/checkout","http_status":502,"trace_id":"trace_v4w5x3"}
{"timestamp":"2024-11-14T08:42:00Z","level":"INFO","service":"payment-service","instance":"pay-1","env":"prod","message":"Paiement initié","user_id":"user_023","order_id":"order_1023","amount":48.00,"currency":"EUR","trace_id":"trace_y7z8a3"}
{"timestamp":"2024-11-14T08:42:06Z","level":"ERROR","service":"payment-service","instance":"pay-1","env":"prod","message":"Timeout appel provider de paiement","user_id":"user_023","order_id":"order_1023","amount":48.00,"provider":"StripeAPI","error_code":"PAYMENT_TIMEOUT","latency_ms":5000,"trace_id":"trace_y7z8a3"}
{"timestamp":"2024-11-14T08:42:07Z","level":"ERROR","service":"api-gateway","instance":"gw-1","env":"prod","message":"Erreur 502 retournée au client","user_id":"user_023","endpoint":"/api/checkout","http_status":502,"trace_id":"trace_y7z8a3"}
{"timestamp":"2024-11-14T08:42:30Z","level":"INFO","service":"payment-service","instance":"pay-1","env":"prod","message":"Paiement initié","user_id":"user_024","order_id":"order_1024","amount":550.00,"currency":"EUR","trace_id":"trace_b1c2d9"}
{"timestamp":"2024-11-14T08:42:36Z","level":"ERROR","service":"payment-service","instance":"pay-1","env":"prod","message":"Timeout appel provider de paiement","user_id":"user_024","order_id":"order_1024","amount":550.00,"provider":"StripeAPI","error_code":"PAYMENT_TIMEOUT","latency_ms":5001,"trace_id":"trace_b1c2d9"}
{"timestamp":"2024-11-14T08:42:37Z","level":"ERROR","service":"api-gateway","instance":"gw-1","env":"prod","message":"Erreur 502 retournée au client","user_id":"user_024","endpoint":"/api/checkout","http_status":502,"trace_id":"trace_b1c2d9"}
{"timestamp":"2024-11-14T08:43:15Z","level":"INFO","service":"payment-service","instance":"pay-1","env":"prod","message":"Connexion au provider de paiement rétablie","provider":"StripeAPI","downtime_minutes":9,"latency_ms":98}
{"timestamp":"2024-11-14T08:43:20Z","level":"INFO","service":"payment-service","instance":"pay-1","env":"prod","message":"Paiement initié","user_id":"user_025","order_id":"order_1025","amount":199.00,"currency":"EUR","trace_id":"trace_e4f5g3"}
{"timestamp":"2024-11-14T08:43:22Z","level":"INFO","service":"payment-service","instance":"pay-1","env":"prod","message":"Paiement validé","user_id":"user_025","order_id":"order_1025","amount":199.00,"provider_ref":"stripe_ch_025","latency_ms":315,"trace_id":"trace_e4f5g3"}
{"timestamp":"2024-11-14T08:44:00Z","level":"INFO","service":"api-gateway","instance":"gw-1","env":"prod","message":"Requête reçue","method":"POST","endpoint":"/api/checkout","user_id":"user_026","trace_id":"trace_h7i8j3","latency_ms":65}
{"timestamp":"2024-11-14T08:44:30Z","level":"INFO","service":"payment-service","instance":"pay-1","env":"prod","message":"Paiement initié","user_id":"user_026","order_id":"order_1026","amount":88.00,"currency":"EUR","trace_id":"trace_k1l2m9"}
{"timestamp":"2024-11-14T08:44:32Z","level":"INFO","service":"payment-service","instance":"pay-1","env":"prod","message":"Paiement validé","user_id":"user_026","order_id":"order_1026","amount":88.00,"provider_ref":"stripe_ch_026","latency_ms":302,"trace_id":"trace_k1l2m9"}
{"timestamp":"2024-11-14T08:45:00Z","level":"INFO","service":"api-gateway","instance":"gw-1","env":"prod","message":"Requête reçue","method":"GET","endpoint":"/api/products","user_id":"user_027","trace_id":"trace_n4o5p3","latency_ms":44}
{"timestamp":"2024-11-14T08:46:00Z","level":"INFO","service":"payment-service","instance":"pay-1","env":"prod","message":"Paiement initié","user_id":"user_028","order_id":"order_1027","amount":730.00,"currency":"EUR","trace_id":"trace_q7r8s3"}
{"timestamp":"2024-11-14T08:46:02Z","level":"INFO","service":"payment-service","instance":"pay-1","env":"prod","message":"Paiement validé","user_id":"user_028","order_id":"order_1027","amount":730.00,"provider_ref":"stripe_ch_027","latency_ms":289,"trace_id":"trace_q7r8s3"}
{"timestamp":"2024-11-14T08:47:00Z","level":"INFO","service":"auth-service","instance":"auth-1","env":"prod","message":"Authentification réussie","user_id":"user_029","method":"password","latency_ms":91}
{"timestamp":"2024-11-14T08:48:00Z","level":"INFO","service":"api-gateway","instance":"gw-1","env":"prod","message":"Requête reçue","method":"GET","endpoint":"/api/orders","user_id":"user_030","trace_id":"trace_t1u2v9","latency_ms":39}
